ERROR - 2023-12-07 02:10:17 --> mysqli_sql_exception: Unknown column 'riwayat' in 'field list' in E:\fullstack\order_bites\system\Database\MySQLi\Connection.php:306
Stack trace:
#0 E:\fullstack\order_bites\system\Database\MySQLi\Connection.php(306): mysqli->query('INSERT INTO `us...', 0)
#1 E:\fullstack\order_bites\system\Database\BaseConnection.php(693): CodeIgniter\Database\MySQLi\Connection->execute('INSERT INTO `us...')
#2 E:\fullstack\order_bites\system\Database\BaseConnection.php(607): CodeIgniter\Database\BaseConnection->simpleQuery('INSERT INTO `us...')
#3 E:\fullstack\order_bites\system\Database\BaseBuilder.php(2308): CodeIgniter\Database\BaseConnection->query('INSERT INTO `us...', Array, false)
#4 E:\fullstack\order_bites\system\Model.php(319): CodeIgniter\Database\BaseBuilder->insert()
#5 E:\fullstack\order_bites\system\BaseModel.php(788): CodeIgniter\Model->doInsert(Array)
#6 E:\fullstack\order_bites\system\Model.php(715): CodeIgniter\BaseModel->insert(Array, false)
#7 E:\fullstack\order_bites\system\BaseModel.php(698): CodeIgniter\Model->insert(Array, false)
#8 E:\fullstack\order_bites\app\Controllers\User.php(52): CodeIgniter\BaseModel->save(Array)
#9 E:\fullstack\order_bites\system\CodeIgniter.php(942): App\Controllers\User->create()
#10 E:\fullstack\order_bites\system\CodeIgniter.php(502): CodeIgniter\CodeIgniter->runController(Object(App\Controllers\User))
#11 E:\fullstack\order_bites\system\CodeIgniter.php(361): CodeIgniter\CodeIgniter->handleRequest(NULL, Object(Config\Cache), false)
#12 E:\fullstack\order_bites\public\index.php(79): CodeIgniter\CodeIgniter->run()
#13 E:\fullstack\order_bites\system\Commands\Server\rewrite.php(47): require_once('E:\\fullstack\\or...')
#14 {main}
CRITICAL - 2023-12-07 02:10:17 --> Unknown column 'riwayat' in 'field list'
in SYSTEMPATH\Database\BaseConnection.php on line 647.
 1 SYSTEMPATH\Database\BaseBuilder.php(2308): CodeIgniter\Database\BaseConnection->query('INSERT INTO `users` (`riwayat`, `tanggal`) VALUES (:riwayat:, :tanggal:)', [...], false)
 2 SYSTEMPATH\Model.php(319): CodeIgniter\Database\BaseBuilder->insert()
 3 SYSTEMPATH\BaseModel.php(788): CodeIgniter\Model->doInsert([...])
 4 SYSTEMPATH\Model.php(715): CodeIgniter\BaseModel->insert([...], false)
 5 SYSTEMPATH\BaseModel.php(698): CodeIgniter\Model->insert([...], false)
 6 APPPATH\Controllers\User.php(52): CodeIgniter\BaseModel->save([...])
 7 SYSTEMPATH\CodeIgniter.php(942): App\Controllers\User->create()
 8 SYSTEMPATH\CodeIgniter.php(502): CodeIgniter\CodeIgniter->runController(Object(App\Controllers\User))
 9 SYSTEMPATH\CodeIgniter.php(361): CodeIgniter\CodeIgniter->handleRequest(null, Object(Config\Cache), false)
10 FCPATH\index.php(79): CodeIgniter\CodeIgniter->run()
11 SYSTEMPATH\Commands\Server\rewrite.php(47): require_once('E:\\fullstack\\order_bites\\public\\index.php')
ERROR - 2023-12-07 02:15:26 --> mysqli_sql_exception: You have an error in your SQL syntax; check the manual that corresponds to your MySQL server version for the right syntax to use near '(100) NOT NULL,
	CONSTRAINT `pk_User` PRIMARY KEY(`id`)
) DEFAULT CHARACTER SET ' at line 4 in E:\fullstack\order_bites\system\Database\MySQLi\Connection.php:306
Stack trace:
#0 E:\fullstack\order_bites\system\Database\MySQLi\Connection.php(306): mysqli->query('CREATE TABLE `U...', 0)
#1 E:\fullstack\order_bites\system\Database\BaseConnection.php(693): CodeIgniter\Database\MySQLi\Connection->execute('CREATE TABLE `U...')
#2 E:\fullstack\order_bites\system\Database\BaseConnection.php(607): CodeIgniter\Database\BaseConnection->simpleQuery('CREATE TABLE `U...')
#3 E:\fullstack\order_bites\system\Database\Forge.php(546): CodeIgniter\Database\BaseConnection->query('CREATE TABLE `U...')
#4 E:\fullstack\order_bites\app\Database\Migrations\2023-10-11-095508_CreateUsers.php(30): CodeIgniter\Database\Forge->createTable('User')
#5 E:\fullstack\order_bites\system\Database\MigrationRunner.php(873): App\Database\Migrations\User->up()
#6 E:\fullstack\order_bites\system\Database\MigrationRunner.php(188): CodeIgniter\Database\MigrationRunner->migrate('up', Object(stdClass))
#7 E:\fullstack\order_bites\system\Commands\Database\Migrate.php(84): CodeIgniter\Database\MigrationRunner->latest(NULL)
#8 E:\fullstack\order_bites\system\CLI\Commands.php(65): CodeIgniter\Commands\Database\Migrate->run(Array)
#9 E:\fullstack\order_bites\system\CLI\Console.php(46): CodeIgniter\CLI\Commands->run('migrate', Array)
#10 E:\fullstack\order_bites\spark(102): CodeIgniter\CLI\Console->run()
#11 {main}
ERROR - 2023-12-07 02:16:35 --> mysqli_sql_exception: You have an error in your SQL syntax; check the manual that corresponds to your MySQL server version for the right syntax to use near '(100) NOT NULL,
	CONSTRAINT `pk_User` PRIMARY KEY(`id`)
) DEFAULT CHARACTER SET ' at line 4 in E:\fullstack\order_bites\system\Database\MySQLi\Connection.php:306
Stack trace:
#0 E:\fullstack\order_bites\system\Database\MySQLi\Connection.php(306): mysqli->query('CREATE TABLE `U...', 0)
#1 E:\fullstack\order_bites\system\Database\BaseConnection.php(693): CodeIgniter\Database\MySQLi\Connection->execute('CREATE TABLE `U...')
#2 E:\fullstack\order_bites\system\Database\BaseConnection.php(607): CodeIgniter\Database\BaseConnection->simpleQuery('CREATE TABLE `U...')
#3 E:\fullstack\order_bites\system\Database\Forge.php(546): CodeIgniter\Database\BaseConnection->query('CREATE TABLE `U...')
#4 E:\fullstack\order_bites\app\Database\Migrations\2023-10-11-095508_CreateUsers.php(30): CodeIgniter\Database\Forge->createTable('User')
#5 E:\fullstack\order_bites\system\Database\MigrationRunner.php(873): App\Database\Migrations\User->up()
#6 E:\fullstack\order_bites\system\Database\MigrationRunner.php(188): CodeIgniter\Database\MigrationRunner->migrate('up', Object(stdClass))
#7 E:\fullstack\order_bites\system\Commands\Database\Migrate.php(84): CodeIgniter\Database\MigrationRunner->latest(NULL)
#8 E:\fullstack\order_bites\system\CLI\Commands.php(65): CodeIgniter\Commands\Database\Migrate->run(Array)
#9 E:\fullstack\order_bites\system\CLI\BaseCommand.php(115): CodeIgniter\CLI\Commands->run('migrate', Array)
#10 E:\fullstack\order_bites\system\Commands\Database\MigrateRefresh.php(85): CodeIgniter\CLI\BaseCommand->call('migrate', Array)
#11 E:\fullstack\order_bites\system\CLI\Commands.php(65): CodeIgniter\Commands\Database\MigrateRefresh->run(Array)
#12 E:\fullstack\order_bites\system\CLI\Console.php(46): CodeIgniter\CLI\Commands->run('migrate:refresh', Array)
#13 E:\fullstack\order_bites\spark(102): CodeIgniter\CLI\Console->run()
#14 {main}
ERROR - 2023-12-07 02:18:07 --> mysqli_sql_exception: You have an error in your SQL syntax; check the manual that corresponds to your MySQL server version for the right syntax to use near '(100) NOT NULL,
	CONSTRAINT `pk_User` PRIMARY KEY(`id`)
) DEFAULT CHARACTER SET ' at line 4 in E:\fullstack\order_bites\system\Database\MySQLi\Connection.php:306
Stack trace:
#0 E:\fullstack\order_bites\system\Database\MySQLi\Connection.php(306): mysqli->query('CREATE TABLE `U...', 0)
#1 E:\fullstack\order_bites\system\Database\BaseConnection.php(693): CodeIgniter\Database\MySQLi\Connection->execute('CREATE TABLE `U...')
#2 E:\fullstack\order_bites\system\Database\BaseConnection.php(607): CodeIgniter\Database\BaseConnection->simpleQuery('CREATE TABLE `U...')
#3 E:\fullstack\order_bites\system\Database\Forge.php(546): CodeIgniter\Database\BaseConnection->query('CREATE TABLE `U...')
#4 E:\fullstack\order_bites\app\Database\Migrations\2023-10-11-095508_CreateUsers.php(30): CodeIgniter\Database\Forge->createTable('User')
#5 E:\fullstack\order_bites\system\Database\MigrationRunner.php(873): App\Database\Migrations\User->up()
#6 E:\fullstack\order_bites\system\Database\MigrationRunner.php(188): CodeIgniter\Database\MigrationRunner->migrate('up', Object(stdClass))
#7 E:\fullstack\order_bites\system\Commands\Database\Migrate.php(84): CodeIgniter\Database\MigrationRunner->latest(NULL)
#8 E:\fullstack\order_bites\system\CLI\Commands.php(65): CodeIgniter\Commands\Database\Migrate->run(Array)
#9 E:\fullstack\order_bites\system\CLI\BaseCommand.php(115): CodeIgniter\CLI\Commands->run('migrate', Array)
#10 E:\fullstack\order_bites\system\Commands\Database\MigrateRefresh.php(85): CodeIgniter\CLI\BaseCommand->call('migrate', Array)
#11 E:\fullstack\order_bites\system\CLI\Commands.php(65): CodeIgniter\Commands\Database\MigrateRefresh->run(Array)
#12 E:\fullstack\order_bites\system\CLI\Console.php(46): CodeIgniter\CLI\Commands->run('migrate:refresh', Array)
#13 E:\fullstack\order_bites\spark(102): CodeIgniter\CLI\Console->run()
#14 {main}
ERROR - 2023-12-07 02:18:33 --> mysqli_sql_exception: You have an error in your SQL syntax; check the manual that corresponds to your MySQL server version for the right syntax to use near '(100) NOT NULL,
	CONSTRAINT `pk_Users` PRIMARY KEY(`id`)
) DEFAULT CHARACTER SET' at line 4 in E:\fullstack\order_bites\system\Database\MySQLi\Connection.php:306
Stack trace:
#0 E:\fullstack\order_bites\system\Database\MySQLi\Connection.php(306): mysqli->query('CREATE TABLE `U...', 0)
#1 E:\fullstack\order_bites\system\Database\BaseConnection.php(693): CodeIgniter\Database\MySQLi\Connection->execute('CREATE TABLE `U...')
#2 E:\fullstack\order_bites\system\Database\BaseConnection.php(607): CodeIgniter\Database\BaseConnection->simpleQuery('CREATE TABLE `U...')
#3 E:\fullstack\order_bites\system\Database\Forge.php(546): CodeIgniter\Database\BaseConnection->query('CREATE TABLE `U...')
#4 E:\fullstack\order_bites\app\Database\Migrations\2023-10-11-095508_CreateUsers.php(30): CodeIgniter\Database\Forge->createTable('Users')
#5 E:\fullstack\order_bites\system\Database\MigrationRunner.php(873): App\Database\Migrations\User->up()
#6 E:\fullstack\order_bites\system\Database\MigrationRunner.php(188): CodeIgniter\Database\MigrationRunner->migrate('up', Object(stdClass))
#7 E:\fullstack\order_bites\system\Commands\Database\Migrate.php(84): CodeIgniter\Database\MigrationRunner->latest(NULL)
#8 E:\fullstack\order_bites\system\CLI\Commands.php(65): CodeIgniter\Commands\Database\Migrate->run(Array)
#9 E:\fullstack\order_bites\system\CLI\Console.php(46): CodeIgniter\CLI\Commands->run('migrate', Array)
#10 E:\fullstack\order_bites\spark(102): CodeIgniter\CLI\Console->run()
#11 {main}
ERROR - 2023-12-07 02:18:36 --> mysqli_sql_exception: You have an error in your SQL syntax; check the manual that corresponds to your MySQL server version for the right syntax to use near '(100) NOT NULL,
	CONSTRAINT `pk_Users` PRIMARY KEY(`id`)
) DEFAULT CHARACTER SET' at line 4 in E:\fullstack\order_bites\system\Database\MySQLi\Connection.php:306
Stack trace:
#0 E:\fullstack\order_bites\system\Database\MySQLi\Connection.php(306): mysqli->query('CREATE TABLE `U...', 0)
#1 E:\fullstack\order_bites\system\Database\BaseConnection.php(693): CodeIgniter\Database\MySQLi\Connection->execute('CREATE TABLE `U...')
#2 E:\fullstack\order_bites\system\Database\BaseConnection.php(607): CodeIgniter\Database\BaseConnection->simpleQuery('CREATE TABLE `U...')
#3 E:\fullstack\order_bites\system\Database\Forge.php(546): CodeIgniter\Database\BaseConnection->query('CREATE TABLE `U...')
#4 E:\fullstack\order_bites\app\Database\Migrations\2023-10-11-095508_CreateUsers.php(30): CodeIgniter\Database\Forge->createTable('Users')
#5 E:\fullstack\order_bites\system\Database\MigrationRunner.php(873): App\Database\Migrations\User->up()
#6 E:\fullstack\order_bites\system\Database\MigrationRunner.php(188): CodeIgniter\Database\MigrationRunner->migrate('up', Object(stdClass))
#7 E:\fullstack\order_bites\system\Commands\Database\Migrate.php(84): CodeIgniter\Database\MigrationRunner->latest(NULL)
#8 E:\fullstack\order_bites\system\CLI\Commands.php(65): CodeIgniter\Commands\Database\Migrate->run(Array)
#9 E:\fullstack\order_bites\system\CLI\BaseCommand.php(115): CodeIgniter\CLI\Commands->run('migrate', Array)
#10 E:\fullstack\order_bites\system\Commands\Database\MigrateRefresh.php(85): CodeIgniter\CLI\BaseCommand->call('migrate', Array)
#11 E:\fullstack\order_bites\system\CLI\Commands.php(65): CodeIgniter\Commands\Database\MigrateRefresh->run(Array)
#12 E:\fullstack\order_bites\system\CLI\Console.php(46): CodeIgniter\CLI\Commands->run('migrate:refresh', Array)
#13 E:\fullstack\order_bites\spark(102): CodeIgniter\CLI\Console->run()
#14 {main}
ERROR - 2023-12-07 02:19:10 --> mysqli_sql_exception: You have an error in your SQL syntax; check the manual that corresponds to your MySQL server version for the right syntax to use near '(100) NOT NULL,
	CONSTRAINT `pk_Users` PRIMARY KEY(`id`)
) DEFAULT CHARACTER SET' at line 4 in E:\fullstack\order_bites\system\Database\MySQLi\Connection.php:306
Stack trace:
#0 E:\fullstack\order_bites\system\Database\MySQLi\Connection.php(306): mysqli->query('CREATE TABLE `U...', 0)
#1 E:\fullstack\order_bites\system\Database\BaseConnection.php(693): CodeIgniter\Database\MySQLi\Connection->execute('CREATE TABLE `U...')
#2 E:\fullstack\order_bites\system\Database\BaseConnection.php(607): CodeIgniter\Database\BaseConnection->simpleQuery('CREATE TABLE `U...')
#3 E:\fullstack\order_bites\system\Database\Forge.php(546): CodeIgniter\Database\BaseConnection->query('CREATE TABLE `U...')
#4 E:\fullstack\order_bites\app\Database\Migrations\2023-10-11-095508_CreateUsers.php(30): CodeIgniter\Database\Forge->createTable('Users')
#5 E:\fullstack\order_bites\system\Database\MigrationRunner.php(873): App\Database\Migrations\User->up()
#6 E:\fullstack\order_bites\system\Database\MigrationRunner.php(188): CodeIgniter\Database\MigrationRunner->migrate('up', Object(stdClass))
#7 E:\fullstack\order_bites\system\Commands\Database\Migrate.php(84): CodeIgniter\Database\MigrationRunner->latest(NULL)
#8 E:\fullstack\order_bites\system\CLI\Commands.php(65): CodeIgniter\Commands\Database\Migrate->run(Array)
#9 E:\fullstack\order_bites\system\CLI\Console.php(46): CodeIgniter\CLI\Commands->run('migrate', Array)
#10 E:\fullstack\order_bites\spark(102): CodeIgniter\CLI\Console->run()
#11 {main}
ERROR - 2023-12-07 02:19:16 --> mysqli_sql_exception: You have an error in your SQL syntax; check the manual that corresponds to your MySQL server version for the right syntax to use near '(100) NOT NULL,
	CONSTRAINT `pk_Users` PRIMARY KEY(`id`)
) DEFAULT CHARACTER SET' at line 4 in E:\fullstack\order_bites\system\Database\MySQLi\Connection.php:306
Stack trace:
#0 E:\fullstack\order_bites\system\Database\MySQLi\Connection.php(306): mysqli->query('CREATE TABLE `U...', 0)
#1 E:\fullstack\order_bites\system\Database\BaseConnection.php(693): CodeIgniter\Database\MySQLi\Connection->execute('CREATE TABLE `U...')
#2 E:\fullstack\order_bites\system\Database\BaseConnection.php(607): CodeIgniter\Database\BaseConnection->simpleQuery('CREATE TABLE `U...')
#3 E:\fullstack\order_bites\system\Database\Forge.php(546): CodeIgniter\Database\BaseConnection->query('CREATE TABLE `U...')
#4 E:\fullstack\order_bites\app\Database\Migrations\2023-10-11-095508_CreateUsers.php(30): CodeIgniter\Database\Forge->createTable('Users')
#5 E:\fullstack\order_bites\system\Database\MigrationRunner.php(873): App\Database\Migrations\User->up()
#6 E:\fullstack\order_bites\system\Database\MigrationRunner.php(188): CodeIgniter\Database\MigrationRunner->migrate('up', Object(stdClass))
#7 E:\fullstack\order_bites\system\Commands\Database\Migrate.php(84): CodeIgniter\Database\MigrationRunner->latest(NULL)
#8 E:\fullstack\order_bites\system\CLI\Commands.php(65): CodeIgniter\Commands\Database\Migrate->run(Array)
#9 E:\fullstack\order_bites\system\CLI\BaseCommand.php(115): CodeIgniter\CLI\Commands->run('migrate', Array)
#10 E:\fullstack\order_bites\system\Commands\Database\MigrateRefresh.php(85): CodeIgniter\CLI\BaseCommand->call('migrate', Array)
#11 E:\fullstack\order_bites\system\CLI\Commands.php(65): CodeIgniter\Commands\Database\MigrateRefresh->run(Array)
#12 E:\fullstack\order_bites\system\CLI\Console.php(46): CodeIgniter\CLI\Commands->run('migrate:refresh', Array)
#13 E:\fullstack\order_bites\spark(102): CodeIgniter\CLI\Console->run()
#14 {main}
ERROR - 2023-12-07 02:19:51 --> mysqli_sql_exception: You have an error in your SQL syntax; check the manual that corresponds to your MySQL server version for the right syntax to use near '(100) NOT NULL,
	CONSTRAINT `pk_user` PRIMARY KEY(`id`)
) DEFAULT CHARACTER SET ' at line 4 in E:\fullstack\order_bites\system\Database\MySQLi\Connection.php:306
Stack trace:
#0 E:\fullstack\order_bites\system\Database\MySQLi\Connection.php(306): mysqli->query('CREATE TABLE `u...', 0)
#1 E:\fullstack\order_bites\system\Database\BaseConnection.php(693): CodeIgniter\Database\MySQLi\Connection->execute('CREATE TABLE `u...')
#2 E:\fullstack\order_bites\system\Database\BaseConnection.php(607): CodeIgniter\Database\BaseConnection->simpleQuery('CREATE TABLE `u...')
#3 E:\fullstack\order_bites\system\Database\Forge.php(546): CodeIgniter\Database\BaseConnection->query('CREATE TABLE `u...')
#4 E:\fullstack\order_bites\app\Database\Migrations\2023-10-11-095508_CreateUsers.php(30): CodeIgniter\Database\Forge->createTable('user')
#5 E:\fullstack\order_bites\system\Database\MigrationRunner.php(873): App\Database\Migrations\User->up()
#6 E:\fullstack\order_bites\system\Database\MigrationRunner.php(188): CodeIgniter\Database\MigrationRunner->migrate('up', Object(stdClass))
#7 E:\fullstack\order_bites\system\Commands\Database\Migrate.php(84): CodeIgniter\Database\MigrationRunner->latest(NULL)
#8 E:\fullstack\order_bites\system\CLI\Commands.php(65): CodeIgniter\Commands\Database\Migrate->run(Array)
#9 E:\fullstack\order_bites\system\CLI\Console.php(46): CodeIgniter\CLI\Commands->run('migrate', Array)
#10 E:\fullstack\order_bites\spark(102): CodeIgniter\CLI\Console->run()
#11 {main}
ERROR - 2023-12-07 02:21:04 --> mysqli_sql_exception: You have an error in your SQL syntax; check the manual that corresponds to your MySQL server version for the right syntax to use near '(100) NOT NULL,
	CONSTRAINT `pk_user` PRIMARY KEY(`id`)
) DEFAULT CHARACTER SET ' at line 4 in E:\fullstack\order_bites\system\Database\MySQLi\Connection.php:306
Stack trace:
#0 E:\fullstack\order_bites\system\Database\MySQLi\Connection.php(306): mysqli->query('CREATE TABLE `u...', 0)
#1 E:\fullstack\order_bites\system\Database\BaseConnection.php(693): CodeIgniter\Database\MySQLi\Connection->execute('CREATE TABLE `u...')
#2 E:\fullstack\order_bites\system\Database\BaseConnection.php(607): CodeIgniter\Database\BaseConnection->simpleQuery('CREATE TABLE `u...')
#3 E:\fullstack\order_bites\system\Database\Forge.php(546): CodeIgniter\Database\BaseConnection->query('CREATE TABLE `u...')
#4 E:\fullstack\order_bites\app\Database\Migrations\2023-10-11-095508_CreateUsers.php(30): CodeIgniter\Database\Forge->createTable('user')
#5 E:\fullstack\order_bites\system\Database\MigrationRunner.php(873): App\Database\Migrations\User->up()
#6 E:\fullstack\order_bites\system\Database\MigrationRunner.php(188): CodeIgniter\Database\MigrationRunner->migrate('up', Object(stdClass))
#7 E:\fullstack\order_bites\system\Commands\Database\Migrate.php(84): CodeIgniter\Database\MigrationRunner->latest(NULL)
#8 E:\fullstack\order_bites\system\CLI\Commands.php(65): CodeIgniter\Commands\Database\Migrate->run(Array)
#9 E:\fullstack\order_bites\system\CLI\BaseCommand.php(115): CodeIgniter\CLI\Commands->run('migrate', Array)
#10 E:\fullstack\order_bites\system\Commands\Database\MigrateRefresh.php(85): CodeIgniter\CLI\BaseCommand->call('migrate', Array)
#11 E:\fullstack\order_bites\system\CLI\Commands.php(65): CodeIgniter\Commands\Database\MigrateRefresh->run(Array)
#12 E:\fullstack\order_bites\system\CLI\Console.php(46): CodeIgniter\CLI\Commands->run('migrate:refresh', Array)
#13 E:\fullstack\order_bites\spark(102): CodeIgniter\CLI\Console->run()
#14 {main}
CRITICAL - 2023-12-07 03:27:23 --> The framework needs the following extension(s) installed and loaded: intl.
in SYSTEMPATH\CodeIgniter.php on line 252.
 1 SYSTEMPATH\CodeIgniter.php(252): CodeIgniter\Exceptions\FrameworkException::forMissingExtension('intl')
 2 SYSTEMPATH\CodeIgniter.php(214): CodeIgniter\CodeIgniter->resolvePlatformExtensions()
 3 ROOTPATH\spark(88): CodeIgniter\CodeIgniter->initialize()
CRITICAL - 2023-12-07 03:27:23 --> Uncaught Error: Class "Locale" not found in E:\fullstack\order_bites\system\I18n\TimeTrait.php:74
Stack trace:
#0 E:\fullstack\order_bites\system\I18n\TimeTrait.php(115): CodeIgniter\I18n\Time->__construct(NULL, NULL, NULL)
#1 E:\fullstack\order_bites\system\HTTP\ResponseTrait.php(468): CodeIgniter\I18n\Time::now()
#2 E:\fullstack\order_bites\system\HTTP\ResponseTrait.php(446): CodeIgniter\HTTP\Response->sendHeaders()
#3 E:\fullstack\order_bites\system\Debug\ExceptionHandler.php(81): CodeIgniter\HTTP\Response->send()
#4 E:\fullstack\order_bites\system\Debug\Exceptions.php(149): CodeIgniter\Debug\ExceptionHandler->handle(Object(CodeIgniter\Exceptions\FrameworkException), Object(CodeIgniter\HTTP\IncomingRequest), Object(CodeIgniter\HTTP\Response), 500, 1)
#5 [internal function]: CodeIgniter\Debug\Exceptions->exceptionHandler(Object(CodeIgniter\Exceptions\FrameworkException))
#6 {main}
  thrown
【Previous Exception】
CodeIgniter\Exceptions\FrameworkException
The framework needs the following extension(s) installed and loaded: intl.
#0 E:\fullstack\order_bites\system\CodeIgniter.php(252): CodeIgniter\Exceptions\FrameworkException::forMissingExtension('intl')
#1 E:\fullstack\order_bites\system\CodeIgniter.php(214): CodeIgniter\CodeIgniter->resolvePlatformExtensions()
#2 E:\fullstack\order_bites\spark(88): CodeIgniter\CodeIgniter->initialize()
#3 {main}
in SYSTEMPATH\I18n\TimeTrait.php on line 74.
 1 [internal function]: CodeIgniter\Debug\Exceptions->shutdownHandler()
ERROR - 2023-12-07 02:46:17 --> mysqli_sql_exception: Table 'db_store.users' doesn't exist in E:\fullstack\order_bites\system\Database\MySQLi\Connection.php:306
Stack trace:
#0 E:\fullstack\order_bites\system\Database\MySQLi\Connection.php(306): mysqli->query('INSERT INTO `us...', 0)
#1 E:\fullstack\order_bites\system\Database\BaseConnection.php(693): CodeIgniter\Database\MySQLi\Connection->execute('INSERT INTO `us...')
#2 E:\fullstack\order_bites\system\Database\BaseConnection.php(607): CodeIgniter\Database\BaseConnection->simpleQuery('INSERT INTO `us...')
#3 E:\fullstack\order_bites\system\Database\BaseBuilder.php(2308): CodeIgniter\Database\BaseConnection->query('INSERT INTO `us...', Array, false)
#4 E:\fullstack\order_bites\system\Model.php(319): CodeIgniter\Database\BaseBuilder->insert()
#5 E:\fullstack\order_bites\system\BaseModel.php(788): CodeIgniter\Model->doInsert(Array)
#6 E:\fullstack\order_bites\system\Model.php(715): CodeIgniter\BaseModel->insert(Array, false)
#7 E:\fullstack\order_bites\system\BaseModel.php(698): CodeIgniter\Model->insert(Array, false)
#8 E:\fullstack\order_bites\app\Controllers\User.php(52): CodeIgniter\BaseModel->save(Array)
#9 E:\fullstack\order_bites\system\CodeIgniter.php(942): App\Controllers\User->create()
#10 E:\fullstack\order_bites\system\CodeIgniter.php(502): CodeIgniter\CodeIgniter->runController(Object(App\Controllers\User))
#11 E:\fullstack\order_bites\system\CodeIgniter.php(361): CodeIgniter\CodeIgniter->handleRequest(NULL, Object(Config\Cache), false)
#12 E:\fullstack\order_bites\public\index.php(79): CodeIgniter\CodeIgniter->run()
#13 E:\fullstack\order_bites\system\Commands\Server\rewrite.php(47): require_once('E:\\fullstack\\or...')
#14 {main}
CRITICAL - 2023-12-07 02:46:17 --> Table 'db_store.users' doesn't exist
in SYSTEMPATH\Database\BaseConnection.php on line 647.
 1 SYSTEMPATH\Database\BaseBuilder.php(2308): CodeIgniter\Database\BaseConnection->query('INSERT INTO `users` (`riwayat`, `tanggal`) VALUES (:riwayat:, :tanggal:)', [...], false)
 2 SYSTEMPATH\Model.php(319): CodeIgniter\Database\BaseBuilder->insert()
 3 SYSTEMPATH\BaseModel.php(788): CodeIgniter\Model->doInsert([...])
 4 SYSTEMPATH\Model.php(715): CodeIgniter\BaseModel->insert([...], false)
 5 SYSTEMPATH\BaseModel.php(698): CodeIgniter\Model->insert([...], false)
 6 APPPATH\Controllers\User.php(52): CodeIgniter\BaseModel->save([...])
 7 SYSTEMPATH\CodeIgniter.php(942): App\Controllers\User->create()
 8 SYSTEMPATH\CodeIgniter.php(502): CodeIgniter\CodeIgniter->runController(Object(App\Controllers\User))
 9 SYSTEMPATH\CodeIgniter.php(361): CodeIgniter\CodeIgniter->handleRequest(null, Object(Config\Cache), false)
10 FCPATH\index.php(79): CodeIgniter\CodeIgniter->run()
11 SYSTEMPATH\Commands\Server\rewrite.php(47): require_once('E:\\fullstack\\order_bites\\public\\index.php')
ERROR - 2023-12-07 02:46:50 --> mysqli_sql_exception: Table 'db_store.users' doesn't exist in E:\fullstack\order_bites\system\Database\MySQLi\Connection.php:306
Stack trace:
#0 E:\fullstack\order_bites\system\Database\MySQLi\Connection.php(306): mysqli->query('INSERT INTO `us...', 0)
#1 E:\fullstack\order_bites\system\Database\BaseConnection.php(693): CodeIgniter\Database\MySQLi\Connection->execute('INSERT INTO `us...')
#2 E:\fullstack\order_bites\system\Database\BaseConnection.php(607): CodeIgniter\Database\BaseConnection->simpleQuery('INSERT INTO `us...')
#3 E:\fullstack\order_bites\system\Database\BaseBuilder.php(2308): CodeIgniter\Database\BaseConnection->query('INSERT INTO `us...', Array, false)
#4 E:\fullstack\order_bites\system\Model.php(319): CodeIgniter\Database\BaseBuilder->insert()
#5 E:\fullstack\order_bites\system\BaseModel.php(788): CodeIgniter\Model->doInsert(Array)
#6 E:\fullstack\order_bites\system\Model.php(715): CodeIgniter\BaseModel->insert(Array, false)
#7 E:\fullstack\order_bites\system\BaseModel.php(698): CodeIgniter\Model->insert(Array, false)
#8 E:\fullstack\order_bites\app\Controllers\User.php(52): CodeIgniter\BaseModel->save(Array)
#9 E:\fullstack\order_bites\system\CodeIgniter.php(942): App\Controllers\User->create()
#10 E:\fullstack\order_bites\system\CodeIgniter.php(502): CodeIgniter\CodeIgniter->runController(Object(App\Controllers\User))
#11 E:\fullstack\order_bites\system\CodeIgniter.php(361): CodeIgniter\CodeIgniter->handleRequest(NULL, Object(Config\Cache), false)
#12 E:\fullstack\order_bites\public\index.php(79): CodeIgniter\CodeIgniter->run()
#13 E:\fullstack\order_bites\system\Commands\Server\rewrite.php(47): require_once('E:\\fullstack\\or...')
#14 {main}
CRITICAL - 2023-12-07 02:46:50 --> Table 'db_store.users' doesn't exist
in SYSTEMPATH\Database\BaseConnection.php on line 647.
 1 SYSTEMPATH\Database\BaseBuilder.php(2308): CodeIgniter\Database\BaseConnection->query('INSERT INTO `users` (`riwayat`, `tanggal`) VALUES (:riwayat:, :tanggal:)', [...], false)
 2 SYSTEMPATH\Model.php(319): CodeIgniter\Database\BaseBuilder->insert()
 3 SYSTEMPATH\BaseModel.php(788): CodeIgniter\Model->doInsert([...])
 4 SYSTEMPATH\Model.php(715): CodeIgniter\BaseModel->insert([...], false)
 5 SYSTEMPATH\BaseModel.php(698): CodeIgniter\Model->insert([...], false)
 6 APPPATH\Controllers\User.php(52): CodeIgniter\BaseModel->save([...])
 7 SYSTEMPATH\CodeIgniter.php(942): App\Controllers\User->create()
 8 SYSTEMPATH\CodeIgniter.php(502): CodeIgniter\CodeIgniter->runController(Object(App\Controllers\User))
 9 SYSTEMPATH\CodeIgniter.php(361): CodeIgniter\CodeIgniter->handleRequest(null, Object(Config\Cache), false)
10 FCPATH\index.php(79): CodeIgniter\CodeIgniter->run()
11 SYSTEMPATH\Commands\Server\rewrite.php(47): require_once('E:\\fullstack\\order_bites\\public\\index.php')
ERROR - 2023-12-07 02:47:34 --> mysqli_sql_exception: Table 'db_store.users' doesn't exist in E:\fullstack\order_bites\system\Database\MySQLi\Connection.php:306
Stack trace:
#0 E:\fullstack\order_bites\system\Database\MySQLi\Connection.php(306): mysqli->query('SELECT *\nFROM `...', 0)
#1 E:\fullstack\order_bites\system\Database\BaseConnection.php(693): CodeIgniter\Database\MySQLi\Connection->execute('SELECT *\nFROM `...')
#2 E:\fullstack\order_bites\system\Database\BaseConnection.php(607): CodeIgniter\Database\BaseConnection->simpleQuery('SELECT *\nFROM `...')
#3 E:\fullstack\order_bites\system\Database\BaseBuilder.php(1615): CodeIgniter\Database\BaseConnection->query('SELECT *\nFROM `...', Array, false)
#4 E:\fullstack\order_bites\system\Model.php(192): CodeIgniter\Database\BaseBuilder->get()
#5 E:\fullstack\order_bites\system\BaseModel.php(563): CodeIgniter\Model->doFind(false, Array)
#6 E:\fullstack\order_bites\app\Controllers\User.php(29): CodeIgniter\BaseModel->find(Array)
#7 E:\fullstack\order_bites\system\CodeIgniter.php(942): App\Controllers\User->show()
#8 E:\fullstack\order_bites\system\CodeIgniter.php(502): CodeIgniter\CodeIgniter->runController(Object(App\Controllers\User))
#9 E:\fullstack\order_bites\system\CodeIgniter.php(361): CodeIgniter\CodeIgniter->handleRequest(NULL, Object(Config\Cache), false)
#10 E:\fullstack\order_bites\public\index.php(79): CodeIgniter\CodeIgniter->run()
#11 E:\fullstack\order_bites\system\Commands\Server\rewrite.php(47): require_once('E:\\fullstack\\or...')
#12 {main}
CRITICAL - 2023-12-07 02:47:34 --> Table 'db_store.users' doesn't exist
in SYSTEMPATH\Database\BaseConnection.php on line 647.
 1 SYSTEMPATH\Database\BaseBuilder.php(1615): CodeIgniter\Database\BaseConnection->query('SELECT *
FROM `users`
WHERE `users`.`id` IN :users.id:', [...], false)
 2 SYSTEMPATH\Model.php(192): CodeIgniter\Database\BaseBuilder->get()
 3 SYSTEMPATH\BaseModel.php(563): CodeIgniter\Model->doFind(false, [...])
 4 APPPATH\Controllers\User.php(29): CodeIgniter\BaseModel->find([...])
 5 SYSTEMPATH\CodeIgniter.php(942): App\Controllers\User->show()
 6 SYSTEMPATH\CodeIgniter.php(502): CodeIgniter\CodeIgniter->runController(Object(App\Controllers\User))
 7 SYSTEMPATH\CodeIgniter.php(361): CodeIgniter\CodeIgniter->handleRequest(null, Object(Config\Cache), false)
 8 FCPATH\index.php(79): CodeIgniter\CodeIgniter->run()
 9 SYSTEMPATH\Commands\Server\rewrite.php(47): require_once('E:\\fullstack\\order_bites\\public\\index.php')
CRITICAL - 2023-12-07 02:50:31 --> Class "app\Filters\Cors" not found
in SYSTEMPATH\Filters\Filters.php on line 177.
 1 SYSTEMPATH\CodeIgniter.php(474): CodeIgniter\Filters\Filters->run('user', 'before')
 2 SYSTEMPATH\CodeIgniter.php(361): CodeIgniter\CodeIgniter->handleRequest(null, Object(Config\Cache), false)
 3 FCPATH\index.php(79): CodeIgniter\CodeIgniter->run()
 4 SYSTEMPATH\Commands\Server\rewrite.php(47): require_once('E:\\fullstack\\order_bites\\public\\index.php')
ERROR - 2023-12-07 02:51:10 --> mysqli_sql_exception: Table 'db_store.users' doesn't exist in E:\fullstack\order_bites\system\Database\MySQLi\Connection.php:306
Stack trace:
#0 E:\fullstack\order_bites\system\Database\MySQLi\Connection.php(306): mysqli->query('SELECT *\nFROM `...', 0)
#1 E:\fullstack\order_bites\system\Database\BaseConnection.php(693): CodeIgniter\Database\MySQLi\Connection->execute('SELECT *\nFROM `...')
#2 E:\fullstack\order_bites\system\Database\BaseConnection.php(607): CodeIgniter\Database\BaseConnection->simpleQuery('SELECT *\nFROM `...')
#3 E:\fullstack\order_bites\system\Database\BaseBuilder.php(1615): CodeIgniter\Database\BaseConnection->query('SELECT *\nFROM `...', Array, false)
#4 E:\fullstack\order_bites\system\Model.php(192): CodeIgniter\Database\BaseBuilder->get()
#5 E:\fullstack\order_bites\system\BaseModel.php(563): CodeIgniter\Model->doFind(false, Array)
#6 E:\fullstack\order_bites\app\Controllers\User.php(29): CodeIgniter\BaseModel->find(Array)
#7 E:\fullstack\order_bites\system\CodeIgniter.php(942): App\Controllers\User->show()
#8 E:\fullstack\order_bites\system\CodeIgniter.php(502): CodeIgniter\CodeIgniter->runController(Object(App\Controllers\User))
#9 E:\fullstack\order_bites\system\CodeIgniter.php(361): CodeIgniter\CodeIgniter->handleRequest(NULL, Object(Config\Cache), false)
#10 E:\fullstack\order_bites\public\index.php(79): CodeIgniter\CodeIgniter->run()
#11 E:\fullstack\order_bites\system\Commands\Server\rewrite.php(47): require_once('E:\\fullstack\\or...')
#12 {main}
CRITICAL - 2023-12-07 02:51:10 --> Table 'db_store.users' doesn't exist
in SYSTEMPATH\Database\BaseConnection.php on line 647.
 1 SYSTEMPATH\Database\BaseBuilder.php(1615): CodeIgniter\Database\BaseConnection->query('SELECT *
FROM `users`
WHERE `users`.`id` IN :users.id:', [...], false)
 2 SYSTEMPATH\Model.php(192): CodeIgniter\Database\BaseBuilder->get()
 3 SYSTEMPATH\BaseModel.php(563): CodeIgniter\Model->doFind(false, [...])
 4 APPPATH\Controllers\User.php(29): CodeIgniter\BaseModel->find([...])
 5 SYSTEMPATH\CodeIgniter.php(942): App\Controllers\User->show()
 6 SYSTEMPATH\CodeIgniter.php(502): CodeIgniter\CodeIgniter->runController(Object(App\Controllers\User))
 7 SYSTEMPATH\CodeIgniter.php(361): CodeIgniter\CodeIgniter->handleRequest(null, Object(Config\Cache), false)
 8 FCPATH\index.php(79): CodeIgniter\CodeIgniter->run()
 9 SYSTEMPATH\Commands\Server\rewrite.php(47): require_once('E:\\fullstack\\order_bites\\public\\index.php')
ERROR - 2023-12-07 02:54:08 --> mysqli_sql_exception: Unknown column 'user.id' in 'where clause' in E:\fullstack\order_bites\system\Database\MySQLi\Connection.php:306
Stack trace:
#0 E:\fullstack\order_bites\system\Database\MySQLi\Connection.php(306): mysqli->query('SELECT *\nFROM `...', 0)
#1 E:\fullstack\order_bites\system\Database\BaseConnection.php(693): CodeIgniter\Database\MySQLi\Connection->execute('SELECT *\nFROM `...')
#2 E:\fullstack\order_bites\system\Database\BaseConnection.php(607): CodeIgniter\Database\BaseConnection->simpleQuery('SELECT *\nFROM `...')
#3 E:\fullstack\order_bites\system\Database\BaseBuilder.php(1615): CodeIgniter\Database\BaseConnection->query('SELECT *\nFROM `...', Array, false)
#4 E:\fullstack\order_bites\system\Model.php(192): CodeIgniter\Database\BaseBuilder->get()
#5 E:\fullstack\order_bites\system\BaseModel.php(563): CodeIgniter\Model->doFind(false, Array)
#6 E:\fullstack\order_bites\app\Controllers\User.php(29): CodeIgniter\BaseModel->find(Array)
#7 E:\fullstack\order_bites\system\CodeIgniter.php(942): App\Controllers\User->show()
#8 E:\fullstack\order_bites\system\CodeIgniter.php(502): CodeIgniter\CodeIgniter->runController(Object(App\Controllers\User))
#9 E:\fullstack\order_bites\system\CodeIgniter.php(361): CodeIgniter\CodeIgniter->handleRequest(NULL, Object(Config\Cache), false)
#10 E:\fullstack\order_bites\public\index.php(79): CodeIgniter\CodeIgniter->run()
#11 E:\fullstack\order_bites\system\Commands\Server\rewrite.php(47): require_once('E:\\fullstack\\or...')
#12 {main}
CRITICAL - 2023-12-07 02:54:08 --> Unknown column 'user.id' in 'where clause'
in SYSTEMPATH\Database\BaseConnection.php on line 647.
 1 SYSTEMPATH\Database\BaseBuilder.php(1615): CodeIgniter\Database\BaseConnection->query('SELECT *
FROM `user`
WHERE `user`.`id` IN :user.id:', [...], false)
 2 SYSTEMPATH\Model.php(192): CodeIgniter\Database\BaseBuilder->get()
 3 SYSTEMPATH\BaseModel.php(563): CodeIgniter\Model->doFind(false, [...])
 4 APPPATH\Controllers\User.php(29): CodeIgniter\BaseModel->find([...])
 5 SYSTEMPATH\CodeIgniter.php(942): App\Controllers\User->show()
 6 SYSTEMPATH\CodeIgniter.php(502): CodeIgniter\CodeIgniter->runController(Object(App\Controllers\User))
 7 SYSTEMPATH\CodeIgniter.php(361): CodeIgniter\CodeIgniter->handleRequest(null, Object(Config\Cache), false)
 8 FCPATH\index.php(79): CodeIgniter\CodeIgniter->run()
 9 SYSTEMPATH\Commands\Server\rewrite.php(47): require_once('E:\\fullstack\\order_bites\\public\\index.php')
