ERROR - 2023-12-06 17:37:39 --> mysqli_sql_exception: Table 'db_store.users' doesn't exist in E:\fullstack\order_bites\system\Database\MySQLi\Connection.php:306
Stack trace:
#0 E:\fullstack\order_bites\system\Database\MySQLi\Connection.php(306): mysqli->query('SELECT *\nFROM `...', 0)
#1 E:\fullstack\order_bites\system\Database\BaseConnection.php(693): CodeIgniter\Database\MySQLi\Connection->execute('SELECT *\nFROM `...')
#2 E:\fullstack\order_bites\system\Database\BaseConnection.php(607): CodeIgniter\Database\BaseConnection->simpleQuery('SELECT *\nFROM `...')
#3 E:\fullstack\order_bites\system\Database\BaseBuilder.php(1615): CodeIgniter\Database\BaseConnection->query('SELECT *\nFROM `...', Array, false)
#4 E:\fullstack\order_bites\system\Model.php(237): CodeIgniter\Database\BaseBuilder->get()
#5 E:\fullstack\order_bites\system\BaseModel.php(624): CodeIgniter\Model->doFindAll(0, 0)
#6 E:\fullstack\order_bites\app\Controllers\User.php(18): CodeIgniter\BaseModel->findAll()
#7 E:\fullstack\order_bites\system\CodeIgniter.php(942): App\Controllers\User->index()
#8 E:\fullstack\order_bites\system\CodeIgniter.php(502): CodeIgniter\CodeIgniter->runController(Object(App\Controllers\User))
#9 E:\fullstack\order_bites\system\CodeIgniter.php(361): CodeIgniter\CodeIgniter->handleRequest(NULL, Object(Config\Cache), false)
#10 E:\fullstack\order_bites\public\index.php(79): CodeIgniter\CodeIgniter->run()
#11 E:\fullstack\order_bites\system\Commands\Server\rewrite.php(47): require_once('E:\\fullstack\\or...')
#12 {main}
CRITICAL - 2023-12-06 17:37:39 --> Table 'db_store.users' doesn't exist
in SYSTEMPATH\Database\BaseConnection.php on line 647.
 1 SYSTEMPATH\Database\BaseBuilder.php(1615): CodeIgniter\Database\BaseConnection->query('SELECT *
FROM `users`', [], false)
 2 SYSTEMPATH\Model.php(237): CodeIgniter\Database\BaseBuilder->get()
 3 SYSTEMPATH\BaseModel.php(624): CodeIgniter\Model->doFindAll(0, 0)
 4 APPPATH\Controllers\User.php(18): CodeIgniter\BaseModel->findAll()
 5 SYSTEMPATH\CodeIgniter.php(942): App\Controllers\User->index()
 6 SYSTEMPATH\CodeIgniter.php(502): CodeIgniter\CodeIgniter->runController(Object(App\Controllers\User))
 7 SYSTEMPATH\CodeIgniter.php(361): CodeIgniter\CodeIgniter->handleRequest(null, Object(Config\Cache), false)
 8 FCPATH\index.php(79): CodeIgniter\CodeIgniter->run()
 9 SYSTEMPATH\Commands\Server\rewrite.php(47): require_once('E:\\fullstack\\order_bites\\public\\index.php')
ERROR - 2023-12-06 17:43:56 --> mysqli_sql_exception: Table 'db_store.users' doesn't exist in E:\fullstack\order_bites\system\Database\MySQLi\Connection.php:306
Stack trace:
#0 E:\fullstack\order_bites\system\Database\MySQLi\Connection.php(306): mysqli->query('SELECT *\nFROM `...', 0)
#1 E:\fullstack\order_bites\system\Database\BaseConnection.php(693): CodeIgniter\Database\MySQLi\Connection->execute('SELECT *\nFROM `...')
#2 E:\fullstack\order_bites\system\Database\BaseConnection.php(607): CodeIgniter\Database\BaseConnection->simpleQuery('SELECT *\nFROM `...')
#3 E:\fullstack\order_bites\system\Database\BaseBuilder.php(1615): CodeIgniter\Database\BaseConnection->query('SELECT *\nFROM `...', Array, false)
#4 E:\fullstack\order_bites\system\Model.php(237): CodeIgniter\Database\BaseBuilder->get()
#5 E:\fullstack\order_bites\system\BaseModel.php(624): CodeIgniter\Model->doFindAll(0, 0)
#6 E:\fullstack\order_bites\app\Controllers\User.php(18): CodeIgniter\BaseModel->findAll()
#7 E:\fullstack\order_bites\system\CodeIgniter.php(942): App\Controllers\User->index()
#8 E:\fullstack\order_bites\system\CodeIgniter.php(502): CodeIgniter\CodeIgniter->runController(Object(App\Controllers\User))
#9 E:\fullstack\order_bites\system\CodeIgniter.php(361): CodeIgniter\CodeIgniter->handleRequest(NULL, Object(Config\Cache), false)
#10 E:\fullstack\order_bites\public\index.php(79): CodeIgniter\CodeIgniter->run()
#11 E:\fullstack\order_bites\system\Commands\Server\rewrite.php(47): require_once('E:\\fullstack\\or...')
#12 {main}
CRITICAL - 2023-12-06 17:43:56 --> Table 'db_store.users' doesn't exist
in SYSTEMPATH\Database\BaseConnection.php on line 647.
 1 SYSTEMPATH\Database\BaseBuilder.php(1615): CodeIgniter\Database\BaseConnection->query('SELECT *
FROM `users`', [], false)
 2 SYSTEMPATH\Model.php(237): CodeIgniter\Database\BaseBuilder->get()
 3 SYSTEMPATH\BaseModel.php(624): CodeIgniter\Model->doFindAll(0, 0)
 4 APPPATH\Controllers\User.php(18): CodeIgniter\BaseModel->findAll()
 5 SYSTEMPATH\CodeIgniter.php(942): App\Controllers\User->index()
 6 SYSTEMPATH\CodeIgniter.php(502): CodeIgniter\CodeIgniter->runController(Object(App\Controllers\User))
 7 SYSTEMPATH\CodeIgniter.php(361): CodeIgniter\CodeIgniter->handleRequest(null, Object(Config\Cache), false)
 8 FCPATH\index.php(79): CodeIgniter\CodeIgniter->run()
 9 SYSTEMPATH\Commands\Server\rewrite.php(47): require_once('E:\\fullstack\\order_bites\\public\\index.php')
ERROR - 2023-12-06 17:44:03 --> mysqli_sql_exception: Table 'db_store.users' doesn't exist in E:\fullstack\order_bites\system\Database\MySQLi\Connection.php:306
Stack trace:
#0 E:\fullstack\order_bites\system\Database\MySQLi\Connection.php(306): mysqli->query('SELECT *\nFROM `...', 0)
#1 E:\fullstack\order_bites\system\Database\BaseConnection.php(693): CodeIgniter\Database\MySQLi\Connection->execute('SELECT *\nFROM `...')
#2 E:\fullstack\order_bites\system\Database\BaseConnection.php(607): CodeIgniter\Database\BaseConnection->simpleQuery('SELECT *\nFROM `...')
#3 E:\fullstack\order_bites\system\Database\BaseBuilder.php(1615): CodeIgniter\Database\BaseConnection->query('SELECT *\nFROM `...', Array, false)
#4 E:\fullstack\order_bites\system\Model.php(237): CodeIgniter\Database\BaseBuilder->get()
#5 E:\fullstack\order_bites\system\BaseModel.php(624): CodeIgniter\Model->doFindAll(0, 0)
#6 E:\fullstack\order_bites\app\Controllers\User.php(18): CodeIgniter\BaseModel->findAll()
#7 E:\fullstack\order_bites\system\CodeIgniter.php(942): App\Controllers\User->index()
#8 E:\fullstack\order_bites\system\CodeIgniter.php(502): CodeIgniter\CodeIgniter->runController(Object(App\Controllers\User))
#9 E:\fullstack\order_bites\system\CodeIgniter.php(361): CodeIgniter\CodeIgniter->handleRequest(NULL, Object(Config\Cache), false)
#10 E:\fullstack\order_bites\public\index.php(79): CodeIgniter\CodeIgniter->run()
#11 E:\fullstack\order_bites\system\Commands\Server\rewrite.php(47): require_once('E:\\fullstack\\or...')
#12 {main}
CRITICAL - 2023-12-06 17:44:03 --> Table 'db_store.users' doesn't exist
in SYSTEMPATH\Database\BaseConnection.php on line 647.
 1 SYSTEMPATH\Database\BaseBuilder.php(1615): CodeIgniter\Database\BaseConnection->query('SELECT *
FROM `users`', [], false)
 2 SYSTEMPATH\Model.php(237): CodeIgniter\Database\BaseBuilder->get()
 3 SYSTEMPATH\BaseModel.php(624): CodeIgniter\Model->doFindAll(0, 0)
 4 APPPATH\Controllers\User.php(18): CodeIgniter\BaseModel->findAll()
 5 SYSTEMPATH\CodeIgniter.php(942): App\Controllers\User->index()
 6 SYSTEMPATH\CodeIgniter.php(502): CodeIgniter\CodeIgniter->runController(Object(App\Controllers\User))
 7 SYSTEMPATH\CodeIgniter.php(361): CodeIgniter\CodeIgniter->handleRequest(null, Object(Config\Cache), false)
 8 FCPATH\index.php(79): CodeIgniter\CodeIgniter->run()
 9 SYSTEMPATH\Commands\Server\rewrite.php(47): require_once('E:\\fullstack\\order_bites\\public\\index.php')
ERROR - 2023-12-06 17:44:07 --> mysqli_sql_exception: Table 'db_store.users' doesn't exist in E:\fullstack\order_bites\system\Database\MySQLi\Connection.php:306
Stack trace:
#0 E:\fullstack\order_bites\system\Database\MySQLi\Connection.php(306): mysqli->query('SELECT *\nFROM `...', 0)
#1 E:\fullstack\order_bites\system\Database\BaseConnection.php(693): CodeIgniter\Database\MySQLi\Connection->execute('SELECT *\nFROM `...')
#2 E:\fullstack\order_bites\system\Database\BaseConnection.php(607): CodeIgniter\Database\BaseConnection->simpleQuery('SELECT *\nFROM `...')
#3 E:\fullstack\order_bites\system\Database\BaseBuilder.php(1615): CodeIgniter\Database\BaseConnection->query('SELECT *\nFROM `...', Array, false)
#4 E:\fullstack\order_bites\system\Model.php(237): CodeIgniter\Database\BaseBuilder->get()
#5 E:\fullstack\order_bites\system\BaseModel.php(624): CodeIgniter\Model->doFindAll(0, 0)
#6 E:\fullstack\order_bites\app\Controllers\User.php(18): CodeIgniter\BaseModel->findAll()
#7 E:\fullstack\order_bites\system\CodeIgniter.php(942): App\Controllers\User->index()
#8 E:\fullstack\order_bites\system\CodeIgniter.php(502): CodeIgniter\CodeIgniter->runController(Object(App\Controllers\User))
#9 E:\fullstack\order_bites\system\CodeIgniter.php(361): CodeIgniter\CodeIgniter->handleRequest(NULL, Object(Config\Cache), false)
#10 E:\fullstack\order_bites\public\index.php(79): CodeIgniter\CodeIgniter->run()
#11 E:\fullstack\order_bites\system\Commands\Server\rewrite.php(47): require_once('E:\\fullstack\\or...')
#12 {main}
CRITICAL - 2023-12-06 17:44:07 --> Table 'db_store.users' doesn't exist
in SYSTEMPATH\Database\BaseConnection.php on line 647.
 1 SYSTEMPATH\Database\BaseBuilder.php(1615): CodeIgniter\Database\BaseConnection->query('SELECT *
FROM `users`', [], false)
 2 SYSTEMPATH\Model.php(237): CodeIgniter\Database\BaseBuilder->get()
 3 SYSTEMPATH\BaseModel.php(624): CodeIgniter\Model->doFindAll(0, 0)
 4 APPPATH\Controllers\User.php(18): CodeIgniter\BaseModel->findAll()
 5 SYSTEMPATH\CodeIgniter.php(942): App\Controllers\User->index()
 6 SYSTEMPATH\CodeIgniter.php(502): CodeIgniter\CodeIgniter->runController(Object(App\Controllers\User))
 7 SYSTEMPATH\CodeIgniter.php(361): CodeIgniter\CodeIgniter->handleRequest(null, Object(Config\Cache), false)
 8 FCPATH\index.php(79): CodeIgniter\CodeIgniter->run()
 9 SYSTEMPATH\Commands\Server\rewrite.php(47): require_once('E:\\fullstack\\order_bites\\public\\index.php')
