CRITICAL - 2023-11-23 06:22:06 --> The framework needs the following extension(s) installed and loaded: intl.
in SYSTEMPATH\CodeIgniter.php on line 252.
 1 SYSTEMPATH\CodeIgniter.php(252): CodeIgniter\Exceptions\FrameworkException::forMissingExtension('intl')
 2 SYSTEMPATH\CodeIgniter.php(214): CodeIgniter\CodeIgniter->resolvePlatformExtensions()
 3 ROOTPATH\spark(88): CodeIgniter\CodeIgniter->initialize()
CRITICAL - 2023-11-23 06:22:06 --> Uncaught Error: Class "Locale" not found in E:\fullstack\order_bites\system\I18n\TimeTrait.php:74
Stack trace:
#0 E:\fullstack\order_bites\system\I18n\TimeTrait.php(115): CodeIgniter\I18n\Time->__construct(NULL, NULL, NULL)
#1 E:\fullstack\order_bites\system\HTTP\ResponseTrait.php(468): CodeIgniter\I18n\Time::now()
#2 E:\fullstack\order_bites\system\HTTP\ResponseTrait.php(446): CodeIgniter\HTTP\Response->sendHeaders()
#3 E:\fullstack\order_bites\system\Debug\ExceptionHandler.php(81): CodeIgniter\HTTP\Response->send()
#4 E:\fullstack\order_bites\system\Debug\Exceptions.php(149): CodeIgniter\Debug\ExceptionHandler->handle(Object(CodeIgniter\Exceptions\FrameworkException), Object(CodeIgniter\HTTP\IncomingRequest), Object(CodeIgniter\HTTP\Response), 500, 1)
#5 [internal function]: CodeIgniter\Debug\Exceptions->exceptionHandler(Object(CodeIgniter\Exceptions\FrameworkException))
#6 {main}
  thrown
ã€Previous Exceptionã€‘
CodeIgniter\Exceptions\FrameworkException
The framework needs the following extension(s) installed and loaded: intl.
#0 E:\fullstack\order_bites\system\CodeIgniter.php(252): CodeIgniter\Exceptions\FrameworkException::forMissingExtension('intl')
#1 E:\fullstack\order_bites\system\CodeIgniter.php(214): CodeIgniter\CodeIgniter->resolvePlatformExtensions()
#2 E:\fullstack\order_bites\spark(88): CodeIgniter\CodeIgniter->initialize()
#3 {main}
in SYSTEMPATH\I18n\TimeTrait.php on line 74.
 1 [internal function]: CodeIgniter\Debug\Exceptions->shutdownHandler()
ERROR - 2023-11-23 05:24:03 --> Error connecting to the database: mysqli_sql_exception: Access denied for user ''@'localhost' (using password: NO) in E:\fullstack\order_bites\system\Database\MySQLi\Connection.php:185
Stack trace:
#0 E:\fullstack\order_bites\system\Database\MySQLi\Connection.php(185): mysqli->real_connect('localhost', '', '', '', 3306, '', 0)
#1 E:\fullstack\order_bites\system\Database\BaseConnection.php(392): CodeIgniter\Database\MySQLi\Connection->connect(false)
#2 E:\fullstack\order_bites\system\Database\BaseConnection.php(575): CodeIgniter\Database\BaseConnection->initialize()
#3 E:\fullstack\order_bites\system\Database\BaseConnection.php(1410): CodeIgniter\Database\BaseConnection->query('SHOW TABLES FRO...')
#4 E:\fullstack\order_bites\system\Database\BaseConnection.php(1429): CodeIgniter\Database\BaseConnection->listTables()
#5 E:\fullstack\order_bites\system\Database\MigrationRunner.php(764): CodeIgniter\Database\BaseConnection->tableExists('migrations')
#6 E:\fullstack\order_bites\system\Database\MigrationRunner.php(168): CodeIgniter\Database\MigrationRunner->ensureTable()
#7 E:\fullstack\order_bites\system\Commands\Database\Migrate.php(84): CodeIgniter\Database\MigrationRunner->latest(NULL)
#8 E:\fullstack\order_bites\system\CLI\Commands.php(65): CodeIgniter\Commands\Database\Migrate->run(Array)
#9 E:\fullstack\order_bites\system\CLI\Console.php(46): CodeIgniter\CLI\Commands->run('migrate', Array)
#10 E:\fullstack\order_bites\spark(102): CodeIgniter\CLI\Console->run()
#11 {main}

Next CodeIgniter\Database\Exceptions\DatabaseException: Access denied for user ''@'localhost' (using password: NO) in E:\fullstack\order_bites\system\Database\MySQLi\Connection.php:229
Stack trace:
#0 E:\fullstack\order_bites\system\Database\BaseConnection.php(392): CodeIgniter\Database\MySQLi\Connection->connect(false)
#1 E:\fullstack\order_bites\system\Database\BaseConnection.php(575): CodeIgniter\Database\BaseConnection->initialize()
#2 E:\fullstack\order_bites\system\Database\BaseConnection.php(1410): CodeIgniter\Database\BaseConnection->query('SHOW TABLES FRO...')
#3 E:\fullstack\order_bites\system\Database\BaseConnection.php(1429): CodeIgniter\Database\BaseConnection->listTables()
#4 E:\fullstack\order_bites\system\Database\MigrationRunner.php(764): CodeIgniter\Database\BaseConnection->tableExists('migrations')
#5 E:\fullstack\order_bites\system\Database\MigrationRunner.php(168): CodeIgniter\Database\MigrationRunner->ensureTable()
#6 E:\fullstack\order_bites\system\Commands\Database\Migrate.php(84): CodeIgniter\Database\MigrationRunner->latest(NULL)
#7 E:\fullstack\order_bites\system\CLI\Commands.php(65): CodeIgniter\Commands\Database\Migrate->run(Array)
#8 E:\fullstack\order_bites\system\CLI\Console.php(46): CodeIgniter\CLI\Commands->run('migrate', Array)
#9 E:\fullstack\order_bites\spark(102): CodeIgniter\CLI\Console->run()
#10 {main}
ERROR - 2023-11-23 05:57:20 --> mysqli_sql_exception: Table 'transactions' already exists in E:\fullstack\order_bites\system\Database\MySQLi\Connection.php:306
Stack trace:
#0 E:\fullstack\order_bites\system\Database\MySQLi\Connection.php(306): mysqli->query('CREATE TABLE `t...', 0)
#1 E:\fullstack\order_bites\system\Database\BaseConnection.php(693): CodeIgniter\Database\MySQLi\Connection->execute('CREATE TABLE `t...')
#2 E:\fullstack\order_bites\system\Database\BaseConnection.php(607): CodeIgniter\Database\BaseConnection->simpleQuery('CREATE TABLE `t...')
#3 E:\fullstack\order_bites\system\Database\Forge.php(546): CodeIgniter\Database\BaseConnection->query('CREATE TABLE `t...')
#4 E:\fullstack\order_bites\app\Database\Migrations\2023-10-11-095508_CreateUsers.php(30): CodeIgniter\Database\Forge->createTable('transactions')
#5 E:\fullstack\order_bites\system\Database\MigrationRunner.php(873): App\Database\Migrations\CreateTransactionsTable->up()
#6 E:\fullstack\order_bites\system\Database\MigrationRunner.php(188): CodeIgniter\Database\MigrationRunner->migrate('up', Object(stdClass))
#7 E:\fullstack\order_bites\system\Commands\Database\Migrate.php(84): CodeIgniter\Database\MigrationRunner->latest(NULL)
#8 E:\fullstack\order_bites\system\CLI\Commands.php(65): CodeIgniter\Commands\Database\Migrate->run(Array)
#9 E:\fullstack\order_bites\system\CLI\Console.php(46): CodeIgniter\CLI\Commands->run('migrate', Array)
#10 E:\fullstack\order_bites\spark(102): CodeIgniter\CLI\Console->run()
#11 {main}
ERROR - 2023-11-23 05:57:26 --> mysqli_sql_exception: Table 'transactions' already exists in E:\fullstack\order_bites\system\Database\MySQLi\Connection.php:306
Stack trace:
#0 E:\fullstack\order_bites\system\Database\MySQLi\Connection.php(306): mysqli->query('CREATE TABLE `t...', 0)
#1 E:\fullstack\order_bites\system\Database\BaseConnection.php(693): CodeIgniter\Database\MySQLi\Connection->execute('CREATE TABLE `t...')
#2 E:\fullstack\order_bites\system\Database\BaseConnection.php(607): CodeIgniter\Database\BaseConnection->simpleQuery('CREATE TABLE `t...')
#3 E:\fullstack\order_bites\system\Database\Forge.php(546): CodeIgniter\Database\BaseConnection->query('CREATE TABLE `t...')
#4 E:\fullstack\order_bites\app\Database\Migrations\2023-10-11-095508_CreateUsers.php(30): CodeIgniter\Database\Forge->createTable('transactions')
#5 E:\fullstack\order_bites\system\Database\MigrationRunner.php(873): App\Database\Migrations\CreateTransactionsTable->up()
#6 E:\fullstack\order_bites\system\Database\MigrationRunner.php(188): CodeIgniter\Database\MigrationRunner->migrate('up', Object(stdClass))
#7 E:\fullstack\order_bites\system\Commands\Database\Migrate.php(84): CodeIgniter\Database\MigrationRunner->latest(NULL)
#8 E:\fullstack\order_bites\system\CLI\Commands.php(65): CodeIgniter\Commands\Database\Migrate->run(Array)
#9 E:\fullstack\order_bites\system\CLI\Console.php(46): CodeIgniter\CLI\Commands->run('migrate', Array)
#10 E:\fullstack\order_bites\spark(102): CodeIgniter\CLI\Console->run()
#11 {main}
ERROR - 2023-11-23 05:58:48 --> mysqli_sql_exception: Table 'transactions' already exists in E:\fullstack\order_bites\system\Database\MySQLi\Connection.php:306
Stack trace:
#0 E:\fullstack\order_bites\system\Database\MySQLi\Connection.php(306): mysqli->query('CREATE TABLE `t...', 0)
#1 E:\fullstack\order_bites\system\Database\BaseConnection.php(693): CodeIgniter\Database\MySQLi\Connection->execute('CREATE TABLE `t...')
#2 E:\fullstack\order_bites\system\Database\BaseConnection.php(607): CodeIgniter\Database\BaseConnection->simpleQuery('CREATE TABLE `t...')
#3 E:\fullstack\order_bites\system\Database\Forge.php(546): CodeIgniter\Database\BaseConnection->query('CREATE TABLE `t...')
#4 E:\fullstack\order_bites\app\Database\Migrations\2023-10-11-095508_CreateUsers.php(30): CodeIgniter\Database\Forge->createTable('transactions')
#5 E:\fullstack\order_bites\system\Database\MigrationRunner.php(873): App\Database\Migrations\CreateTransactions->up()
#6 E:\fullstack\order_bites\system\Database\MigrationRunner.php(188): CodeIgniter\Database\MigrationRunner->migrate('up', Object(stdClass))
#7 E:\fullstack\order_bites\system\Commands\Database\Migrate.php(84): CodeIgniter\Database\MigrationRunner->latest(NULL)
#8 E:\fullstack\order_bites\system\CLI\Commands.php(65): CodeIgniter\Commands\Database\Migrate->run(Array)
#9 E:\fullstack\order_bites\system\CLI\Console.php(46): CodeIgniter\CLI\Commands->run('migrate', Array)
#10 E:\fullstack\order_bites\spark(102): CodeIgniter\CLI\Console->run()
#11 {main}
ERROR - 2023-11-23 05:59:25 --> mysqli_sql_exception: Table 'transactions' already exists in E:\fullstack\order_bites\system\Database\MySQLi\Connection.php:306
Stack trace:
#0 E:\fullstack\order_bites\system\Database\MySQLi\Connection.php(306): mysqli->query('CREATE TABLE `t...', 0)
#1 E:\fullstack\order_bites\system\Database\BaseConnection.php(693): CodeIgniter\Database\MySQLi\Connection->execute('CREATE TABLE `t...')
#2 E:\fullstack\order_bites\system\Database\BaseConnection.php(607): CodeIgniter\Database\BaseConnection->simpleQuery('CREATE TABLE `t...')
#3 E:\fullstack\order_bites\system\Database\Forge.php(546): CodeIgniter\Database\BaseConnection->query('CREATE TABLE `t...')
#4 E:\fullstack\order_bites\app\Database\Migrations\2023-10-11-095508_CreateUsers.php(30): CodeIgniter\Database\Forge->createTable('transactions')
#5 E:\fullstack\order_bites\system\Database\MigrationRunner.php(873): App\Database\Migrations\CreateTransactions->up()
#6 E:\fullstack\order_bites\system\Database\MigrationRunner.php(188): CodeIgniter\Database\MigrationRunner->migrate('up', Object(stdClass))
#7 E:\fullstack\order_bites\system\Commands\Database\Migrate.php(84): CodeIgniter\Database\MigrationRunner->latest(NULL)
#8 E:\fullstack\order_bites\system\CLI\Commands.php(65): CodeIgniter\Commands\Database\Migrate->run(Array)
#9 E:\fullstack\order_bites\system\CLI\BaseCommand.php(115): CodeIgniter\CLI\Commands->run('migrate', Array)
#10 E:\fullstack\order_bites\system\Commands\Database\MigrateRefresh.php(85): CodeIgniter\CLI\BaseCommand->call('migrate', Array)
#11 E:\fullstack\order_bites\system\CLI\Commands.php(65): CodeIgniter\Commands\Database\MigrateRefresh->run(Array)
#12 E:\fullstack\order_bites\system\CLI\Console.php(46): CodeIgniter\CLI\Commands->run('migrate:refresh', Array)
#13 E:\fullstack\order_bites\spark(102): CodeIgniter\CLI\Console->run()
#14 {main}
