ERROR - 2023-12-17 03:55:57 --> mysqli_sql_exception: Unknown column 'created_at' in 'field list' in E:\fullstack\order_bites\system\Database\MySQLi\Connection.php:306
Stack trace:
#0 E:\fullstack\order_bites\system\Database\MySQLi\Connection.php(306): mysqli->query('INSERT INTO `tr...', 0)
#1 E:\fullstack\order_bites\system\Database\BaseConnection.php(693): CodeIgniter\Database\MySQLi\Connection->execute('INSERT INTO `tr...')
#2 E:\fullstack\order_bites\system\Database\BaseConnection.php(607): CodeIgniter\Database\BaseConnection->simpleQuery('INSERT INTO `tr...')
#3 E:\fullstack\order_bites\system\Database\BaseBuilder.php(2308): CodeIgniter\Database\BaseConnection->query('INSERT INTO `tr...', Array, false)
#4 E:\fullstack\order_bites\system\Model.php(319): CodeIgniter\Database\BaseBuilder->insert()
#5 E:\fullstack\order_bites\system\BaseModel.php(788): CodeIgniter\Model->doInsert(Array)
#6 E:\fullstack\order_bites\system\Model.php(715): CodeIgniter\BaseModel->insert(Array, false)
#7 E:\fullstack\order_bites\system\BaseModel.php(698): CodeIgniter\Model->insert(Array, false)
#8 E:\fullstack\order_bites\app\Controllers\Transaksi.php(60): CodeIgniter\BaseModel->save(Array)
#9 E:\fullstack\order_bites\system\CodeIgniter.php(942): App\Controllers\Transaksi->create()
#10 E:\fullstack\order_bites\system\CodeIgniter.php(502): CodeIgniter\CodeIgniter->runController(Object(App\Controllers\Transaksi))
#11 E:\fullstack\order_bites\system\CodeIgniter.php(361): CodeIgniter\CodeIgniter->handleRequest(NULL, Object(Config\Cache), false)
#12 E:\fullstack\order_bites\public\index.php(79): CodeIgniter\CodeIgniter->run()
#13 E:\fullstack\order_bites\system\Commands\Server\rewrite.php(47): require_once('E:\\fullstack\\or...')
#14 {main}
CRITICAL - 2023-12-17 03:55:57 --> Unknown column 'created_at' in 'field list'
in SYSTEMPATH\Database\BaseConnection.php on line 647.
 1 SYSTEMPATH\Database\BaseBuilder.php(2308): CodeIgniter\Database\BaseConnection->query('INSERT INTO `transaksi` (`nama`, `no_tlp`, `alamat`, `metode_pembayaran`, `created_at`, `updated_at`) VALUES (:nama:, :no_tlp:, :alamat:, :metode_pembayaran:, :created_at:, :updated_at:)', [...], false)
 2 SYSTEMPATH\Model.php(319): CodeIgniter\Database\BaseBuilder->insert()
 3 SYSTEMPATH\BaseModel.php(788): CodeIgniter\Model->doInsert([...])
 4 SYSTEMPATH\Model.php(715): CodeIgniter\BaseModel->insert([...], false)
 5 SYSTEMPATH\BaseModel.php(698): CodeIgniter\Model->insert([...], false)
 6 APPPATH\Controllers\Transaksi.php(60): CodeIgniter\BaseModel->save([...])
 7 SYSTEMPATH\CodeIgniter.php(942): App\Controllers\Transaksi->create()
 8 SYSTEMPATH\CodeIgniter.php(502): CodeIgniter\CodeIgniter->runController(Object(App\Controllers\Transaksi))
 9 SYSTEMPATH\CodeIgniter.php(361): CodeIgniter\CodeIgniter->handleRequest(null, Object(Config\Cache), false)
10 FCPATH\index.php(79): CodeIgniter\CodeIgniter->run()
11 SYSTEMPATH\Commands\Server\rewrite.php(47): require_once('E:\\fullstack\\order_bites\\public\\index.php')
ERROR - 2023-12-17 03:56:54 --> mysqli_sql_exception: Unknown column 'created_at' in 'field list' in E:\fullstack\order_bites\system\Database\MySQLi\Connection.php:306
Stack trace:
#0 E:\fullstack\order_bites\system\Database\MySQLi\Connection.php(306): mysqli->query('INSERT INTO `tr...', 0)
#1 E:\fullstack\order_bites\system\Database\BaseConnection.php(693): CodeIgniter\Database\MySQLi\Connection->execute('INSERT INTO `tr...')
#2 E:\fullstack\order_bites\system\Database\BaseConnection.php(607): CodeIgniter\Database\BaseConnection->simpleQuery('INSERT INTO `tr...')
#3 E:\fullstack\order_bites\system\Database\BaseBuilder.php(2308): CodeIgniter\Database\BaseConnection->query('INSERT INTO `tr...', Array, false)
#4 E:\fullstack\order_bites\system\Model.php(319): CodeIgniter\Database\BaseBuilder->insert()
#5 E:\fullstack\order_bites\system\BaseModel.php(788): CodeIgniter\Model->doInsert(Array)
#6 E:\fullstack\order_bites\system\Model.php(715): CodeIgniter\BaseModel->insert(Array, false)
#7 E:\fullstack\order_bites\system\BaseModel.php(698): CodeIgniter\Model->insert(Array, false)
#8 E:\fullstack\order_bites\app\Controllers\Transaksi.php(60): CodeIgniter\BaseModel->save(Array)
#9 E:\fullstack\order_bites\system\CodeIgniter.php(942): App\Controllers\Transaksi->create()
#10 E:\fullstack\order_bites\system\CodeIgniter.php(502): CodeIgniter\CodeIgniter->runController(Object(App\Controllers\Transaksi))
#11 E:\fullstack\order_bites\system\CodeIgniter.php(361): CodeIgniter\CodeIgniter->handleRequest(NULL, Object(Config\Cache), false)
#12 E:\fullstack\order_bites\public\index.php(79): CodeIgniter\CodeIgniter->run()
#13 E:\fullstack\order_bites\system\Commands\Server\rewrite.php(47): require_once('E:\\fullstack\\or...')
#14 {main}
CRITICAL - 2023-12-17 03:56:54 --> Unknown column 'created_at' in 'field list'
in SYSTEMPATH\Database\BaseConnection.php on line 647.
 1 SYSTEMPATH\Database\BaseBuilder.php(2308): CodeIgniter\Database\BaseConnection->query('INSERT INTO `transaksi` (`nama`, `no_tlp`, `alamat`, `metode_pembayaran`, `created_at`, `updated_at`) VALUES (:nama:, :no_tlp:, :alamat:, :metode_pembayaran:, :created_at:, :updated_at:)', [...], false)
 2 SYSTEMPATH\Model.php(319): CodeIgniter\Database\BaseBuilder->insert()
 3 SYSTEMPATH\BaseModel.php(788): CodeIgniter\Model->doInsert([...])
 4 SYSTEMPATH\Model.php(715): CodeIgniter\BaseModel->insert([...], false)
 5 SYSTEMPATH\BaseModel.php(698): CodeIgniter\Model->insert([...], false)
 6 APPPATH\Controllers\Transaksi.php(60): CodeIgniter\BaseModel->save([...])
 7 SYSTEMPATH\CodeIgniter.php(942): App\Controllers\Transaksi->create()
 8 SYSTEMPATH\CodeIgniter.php(502): CodeIgniter\CodeIgniter->runController(Object(App\Controllers\Transaksi))
 9 SYSTEMPATH\CodeIgniter.php(361): CodeIgniter\CodeIgniter->handleRequest(null, Object(Config\Cache), false)
10 FCPATH\index.php(79): CodeIgniter\CodeIgniter->run()
11 SYSTEMPATH\Commands\Server\rewrite.php(47): require_once('E:\\fullstack\\order_bites\\public\\index.php')
ERROR - 2023-12-17 04:37:48 --> mysqli_sql_exception: Table 'transaksi' already exists in E:\fullstack\order_bites\system\Database\MySQLi\Connection.php:306
Stack trace:
#0 E:\fullstack\order_bites\system\Database\MySQLi\Connection.php(306): mysqli->query('CREATE TABLE `t...', 0)
#1 E:\fullstack\order_bites\system\Database\BaseConnection.php(693): CodeIgniter\Database\MySQLi\Connection->execute('CREATE TABLE `t...')
#2 E:\fullstack\order_bites\system\Database\BaseConnection.php(607): CodeIgniter\Database\BaseConnection->simpleQuery('CREATE TABLE `t...')
#3 E:\fullstack\order_bites\system\Database\Forge.php(546): CodeIgniter\Database\BaseConnection->query('CREATE TABLE `t...')
#4 E:\fullstack\order_bites\app\Database\Migrations\2023-12-14-074319_Transaction.php(45): CodeIgniter\Database\Forge->createTable('transaksi')
#5 E:\fullstack\order_bites\system\Database\MigrationRunner.php(873): App\Database\Migrations\Transaksi->up()
#6 E:\fullstack\order_bites\system\Database\MigrationRunner.php(188): CodeIgniter\Database\MigrationRunner->migrate('up', Object(stdClass))
#7 E:\fullstack\order_bites\system\Commands\Database\Migrate.php(84): CodeIgniter\Database\MigrationRunner->latest(NULL)
#8 E:\fullstack\order_bites\system\CLI\Commands.php(65): CodeIgniter\Commands\Database\Migrate->run(Array)
#9 E:\fullstack\order_bites\system\CLI\BaseCommand.php(115): CodeIgniter\CLI\Commands->run('migrate', Array)
#10 E:\fullstack\order_bites\system\Commands\Database\MigrateRefresh.php(85): CodeIgniter\CLI\BaseCommand->call('migrate', Array)
#11 E:\fullstack\order_bites\system\CLI\Commands.php(65): CodeIgniter\Commands\Database\MigrateRefresh->run(Array)
#12 E:\fullstack\order_bites\system\CLI\Console.php(46): CodeIgniter\CLI\Commands->run('migrate:refresh', Array)
#13 E:\fullstack\order_bites\spark(102): CodeIgniter\CLI\Console->run()
#14 {main}
ERROR - 2023-12-17 04:37:53 --> mysqli_sql_exception: Table 'transaksi' already exists in E:\fullstack\order_bites\system\Database\MySQLi\Connection.php:306
Stack trace:
#0 E:\fullstack\order_bites\system\Database\MySQLi\Connection.php(306): mysqli->query('CREATE TABLE `t...', 0)
#1 E:\fullstack\order_bites\system\Database\BaseConnection.php(693): CodeIgniter\Database\MySQLi\Connection->execute('CREATE TABLE `t...')
#2 E:\fullstack\order_bites\system\Database\BaseConnection.php(607): CodeIgniter\Database\BaseConnection->simpleQuery('CREATE TABLE `t...')
#3 E:\fullstack\order_bites\system\Database\Forge.php(546): CodeIgniter\Database\BaseConnection->query('CREATE TABLE `t...')
#4 E:\fullstack\order_bites\app\Database\Migrations\2023-12-14-074319_Transaction.php(45): CodeIgniter\Database\Forge->createTable('transaksi')
#5 E:\fullstack\order_bites\system\Database\MigrationRunner.php(873): App\Database\Migrations\Transaksi->up()
#6 E:\fullstack\order_bites\system\Database\MigrationRunner.php(188): CodeIgniter\Database\MigrationRunner->migrate('up', Object(stdClass))
#7 E:\fullstack\order_bites\system\Commands\Database\Migrate.php(84): CodeIgniter\Database\MigrationRunner->latest(NULL)
#8 E:\fullstack\order_bites\system\CLI\Commands.php(65): CodeIgniter\Commands\Database\Migrate->run(Array)
#9 E:\fullstack\order_bites\system\CLI\Console.php(46): CodeIgniter\CLI\Commands->run('migrate', Array)
#10 E:\fullstack\order_bites\spark(102): CodeIgniter\CLI\Console->run()
#11 {main}
