ERROR - 2023-12-28 15:08:30 --> mysqli_sql_exception: Unknown column 'email' in 'where clause' in E:\fullstack\order_bites\system\Database\MySQLi\Connection.php:306
Stack trace:
#0 E:\fullstack\order_bites\system\Database\MySQLi\Connection.php(306): mysqli->query('SELECT *\nFROM `...', 0)
#1 E:\fullstack\order_bites\system\Database\BaseConnection.php(693): CodeIgniter\Database\MySQLi\Connection->execute('SELECT *\nFROM `...')
#2 E:\fullstack\order_bites\system\Database\BaseConnection.php(607): CodeIgniter\Database\BaseConnection->simpleQuery('SELECT *\nFROM `...')
#3 E:\fullstack\order_bites\system\Database\BaseBuilder.php(1615): CodeIgniter\Database\BaseConnection->query('SELECT *\nFROM `...', Array, false)
#4 E:\fullstack\order_bites\system\Model.php(264): CodeIgniter\Database\BaseBuilder->get()
#5 E:\fullstack\order_bites\system\BaseModel.php(662): CodeIgniter\Model->doFirst()
#6 E:\fullstack\order_bites\app\Controllers\LoginController.php(23): CodeIgniter\BaseModel->first()
#7 E:\fullstack\order_bites\system\CodeIgniter.php(942): App\Controllers\LoginController->loginn()
#8 E:\fullstack\order_bites\system\CodeIgniter.php(502): CodeIgniter\CodeIgniter->runController(Object(App\Controllers\LoginController))
#9 E:\fullstack\order_bites\system\CodeIgniter.php(361): CodeIgniter\CodeIgniter->handleRequest(NULL, Object(Config\Cache), false)
#10 E:\fullstack\order_bites\public\index.php(79): CodeIgniter\CodeIgniter->run()
#11 E:\fullstack\order_bites\system\Commands\Server\rewrite.php(47): require_once('E:\\fullstack\\or...')
#12 {main}
CRITICAL - 2023-12-28 15:08:30 --> Unknown column 'email' in 'where clause'
in SYSTEMPATH\Database\BaseConnection.php on line 647.
 1 SYSTEMPATH\Database\BaseBuilder.php(1615): CodeIgniter\Database\BaseConnection->query('SELECT *
FROM `registrasi`
WHERE `email` = :email:
 LIMIT 1', [...], false)
 2 SYSTEMPATH\Model.php(264): CodeIgniter\Database\BaseBuilder->get()
 3 SYSTEMPATH\BaseModel.php(662): CodeIgniter\Model->doFirst()
 4 APPPATH\Controllers\LoginController.php(23): CodeIgniter\BaseModel->first()
 5 SYSTEMPATH\CodeIgniter.php(942): App\Controllers\LoginController->loginn()
 6 SYSTEMPATH\CodeIgniter.php(502): CodeIgniter\CodeIgniter->runController(Object(App\Controllers\LoginController))
 7 SYSTEMPATH\CodeIgniter.php(361): CodeIgniter\CodeIgniter->handleRequest(null, Object(Config\Cache), false)
 8 FCPATH\index.php(79): CodeIgniter\CodeIgniter->run()
 9 SYSTEMPATH\Commands\Server\rewrite.php(47): require_once('E:\\fullstack\\order_bites\\public\\index.php')
